0 info it worked if it ends with ok
1 verbose cli [ '/usr/bin/node', '/usr/bin/npm', 'start' ]
2 info using npm@3.5.2
3 info using node@v8.10.0
4 verbose run-script [ 'prestart', 'start', 'poststart' ]
5 info lifecycle startbootstrap-modern-business@4.1.3~prestart: startbootstrap-modern-business@4.1.3
6 silly lifecycle startbootstrap-modern-business@4.1.3~prestart: no script for prestart, continuing
7 info lifecycle startbootstrap-modern-business@4.1.3~start: startbootstrap-modern-business@4.1.3
8 verbose lifecycle startbootstrap-modern-business@4.1.3~start: unsafe-perm in lifecycle true
9 verbose lifecycle startbootstrap-modern-business@4.1.3~start: PATH: /usr/share/npm/bin/node-gyp-bin:/mnt/c/Users/eykoy/Documents/Notre Dame things/Senior Year/HCI/cooksmart.github.io/node_modules/.bin:/usr/local/sbin:/usr/local/bin:/usr/sbin:/usr/bin:/sbin:/bin:/usr/games:/usr/local/games:/mnt/c/Program Files/WindowsApps/CanonicalGroupLimited.UbuntuonWindows_1804.2018.817.0_x64__79rhkp1fndgsc:/mnt/c/Program Files (x86)/Common Files/Oracle/Java/javapath:/mnt/c/Program Files (x86)/Common Files/Intel/OpenCL/windows/compiler/lib/intel64_win:/mnt/c/Program Files (x86)/Common Files/Intel/OpenCL/windows/compiler/lib/ia32_win:/mnt/c/Program Files (x86)/Intel/Intel(R) Management Engine Components/iCLS:/mnt/c/Program Files/Intel/Intel(R) Management Engine Components/iCLS:/mnt/c/Windows/System32:/mnt/c/Windows:/mnt/c/Windows/System32/wbem:/mnt/c/Windows/System32/WindowsPowerShell/v1.0:/mnt/c/Windows/System32/OpenSSH:/mnt/c/Program Files (x86)/Intel/Intel(R) Management Engine Components/DAL:/mnt/c/Program Files/Intel/Intel(R) Management Engine Components/DAL:/mnt/c/Program Files/Intel/WiFi/bin:/mnt/c/Program Files/Common Files/Intel/WirelessCommon:/mnt/c/Program Files/CMake/bin:/mnt/c/Program Files/MATLAB/R2018b/bin:/mnt/c/Program Files (x86)/PharosSystems/Core:/mnt/c/Program Files/Git/cmd:/mnt/c/Users/eykoy/AppData/Local/Microsoft/WindowsApps:/mnt/c/Program Files/Java/bin:/snap/bin
10 verbose lifecycle startbootstrap-modern-business@4.1.3~start: CWD: /mnt/c/Users/eykoy/Documents/Notre Dame things/Senior Year/HCI/cooksmart.github.io
11 silly lifecycle startbootstrap-modern-business@4.1.3~start: Args: [ '-c', 'gulp watch' ]
12 info lifecycle startbootstrap-modern-business@4.1.3~start: Failed to exec start script
13 verbose stack Error: startbootstrap-modern-business@4.1.3 start: `gulp watch`
13 verbose stack spawn ENOENT
13 verbose stack     at ChildProcess.<anonymous> (/usr/share/npm/lib/utils/spawn.js:17:16)
13 verbose stack     at emitTwo (events.js:126:13)
13 verbose stack     at ChildProcess.emit (events.js:214:7)
13 verbose stack     at maybeClose (internal/child_process.js:925:16)
13 verbose stack     at Process.ChildProcess._handle.onexit (internal/child_process.js:209:5)
14 verbose pkgid startbootstrap-modern-business@4.1.3
15 verbose cwd /mnt/c/Users/eykoy/Documents/Notre Dame things/Senior Year/HCI/cooksmart.github.io
16 error Linux 4.4.0-17763-Microsoft
17 error argv "/usr/bin/node" "/usr/bin/npm" "start"
18 error node v8.10.0
19 error npm  v3.5.2
20 error file sh
21 error code ELIFECYCLE
22 error errno ENOENT
23 error syscall spawn
24 error startbootstrap-modern-business@4.1.3 start: `gulp watch`
24 error spawn ENOENT
25 error Failed at the startbootstrap-modern-business@4.1.3 start script 'gulp watch'.
25 error Make sure you have the latest version of node.js and npm installed.
25 error If you do, this is most likely a problem with the startbootstrap-modern-business package,
25 error not with npm itself.
25 error Tell the author that this fails on your system:
25 error     gulp watch
25 error You can get information on how to open an issue for this project with:
25 error     npm bugs startbootstrap-modern-business
25 error Or if that isn't available, you can get their info via:
25 error     npm owner ls startbootstrap-modern-business
25 error There is likely additional logging output above.
26 verbose exit [ 1, true ]
